Дата запуска функции: 2025-04-07 17:25:35.310675;
 Имя функции:hello_world;
 Аргументы функции:[]{}
 Результат: Hello World
Дата запуска функции: 2025-04-07 17:25:35.311120;
 Имя функции:summator;
 Аргументы функции:[2, 2]{}
 Результат: 4
Дата запуска функции: 2025-04-07 17:25:35.311359;
 Имя функции:div;
 Аргументы функции:[6, 2]{}
 Результат: 3.0
Дата запуска функции: 2025-04-07 17:25:35.311548;
 Имя функции:summator;
 Аргументы функции:[4.3]{'b': 2.2}
 Результат: 6.5
Дата запуска функции: 2025-04-07 17:25:35.311693;
 Имя функции:summator;
 Аргументы функции:[]{'a': 0, 'b': 0}
 Результат: 0
